#
# There is insufficient memory for the Java Runtime Environment to continue.
# Native memory allocation (mmap) failed to map 134217728 bytes for G1 virtual space
# Possible reasons:
#   The system is out of physical RAM or swap space
#   The process is running with CompressedOops enabled, and the Java Heap may be blocking the growth of the native heap
# Possible solutions:
#   Reduce memory load on the system
#   Increase physical memory or swap space
#   Check if swap backing store is full
#   Decrease Java heap size (-Xmx/-Xms)
#   Decrease number of Java threads
#   Decrease Java thread stack sizes (-Xss)
#   Set larger code cache with -XX:ReservedCodeCacheSize=
#   JVM is running with Unscaled Compressed Oops mode in which the Java heap is
#     placed in the first 4GB address space. The Java Heap base address is the
#     maximum limit for the native heap growth. Please use -XX:HeapBaseMinAddress
#     to set the Java Heap base and to place the Java Heap above 4GB virtual address.
# This output file may be truncated or incomplete.
#
#  Out of Memory Error (os_windows.cpp:3528), pid=54780, tid=55332
#
# JRE version:  (20.0.2+9) (build )
# Java VM: Java HotSpot(TM) 64-Bit Server VM (20.0.2+9-78, mixed mode, emulated-client, sharing, tiered, compressed oops, compressed class ptrs, g1 gc, windows-amd64)
# No core dump will be written. Minidumps are not enabled by default on client versions of Windows
#

---------------  S U M M A R Y ------------

Command Line: -XX:TieredStopAtLevel=1 com.example.todo_list.TodoListApplication

Host: Intel(R) Core(TM) i5-5200U CPU @ 2.20GHz, 4 cores, 7G,  Windows 10 , 64 bit Build 19041 (10.0.19041.3636)
Time: Thu Jul  4 10:29:46 2024 Pacific Daylight Time elapsed time: 0.097134 seconds (0d 0h 0m 0s)

---------------  T H R E A D  ---------------

Current thread (0x000001fe5093a060):  JavaThread "Unknown thread" [_thread_in_vm, id=55332, stack(0x000000a2db400000,0x000000a2db500000)]

Stack: [0x000000a2db400000,0x000000a2db500000]
Native frames: (J=compiled Java code, j=interpreted, Vv=VM code, C=native code)
V  [jvm.dll+0x6bc25a]
V  [jvm.dll+0x84971a]
V  [jvm.dll+0x84b315]
V  [jvm.dll+0x84ba13]
V  [jvm.dll+0x280e4f]
V  [jvm.dll+0x6b8fe9]
V  [jvm.dll+0x6adbca]
V  [jvm.dll+0x35b165]
V  [jvm.dll+0x363386]
V  [jvm.dll+0x3b400e]
V  [jvm.dll+0x3b4295]
V  [jvm.dll+0x32b86a]
V  [jvm.dll+0x32c68b]
V  [jvm.dll+0x8123df]
V  [jvm.dll+0x3c1261]
V  [jvm.dll+0x7fe103]
V  [jvm.dll+0x44ccaf]
V  [jvm.dll+0x44e621]
C  [jli.dll+0x5287]
C  [ucrtbase.dll+0x21bb2]
C  [KERNEL32.DLL+0x17344]
C  [ntdll.dll+0x4cc91]


---------------  P R O C E S S  ---------------

Threads class SMR info:
_java_thread_list=0x00007ff9ca63b118, length=0, elements={
}

Java Threads: ( => current thread )

Other Threads:
  0x000001fe50996fe0 WorkerThread "GC Thread#0" [stack: 0x000000a2db500000,0x000000a2db600000] [id=48284]
  0x000001fe509ab110 ConcurrentGCThread "G1 Main Marker" [stack: 0x000000a2db600000,0x000000a2db700000] [id=55312]
  0x000001fe509ac1f0 WorkerThread "G1 Conc#0" [stack: 0x000000a2db700000,0x000000a2db800000] [id=50440]

[error occurred during error reporting (printing all threads), id 0xc0000005, EXCEPTION_ACCESS_VIOLATION (0xc0000005) at pc=0x00007ff9c9e1eea7]
VM state: not at safepoint (not fully initialized)

VM Mutex/Monitor currently owned by a thread:  ([mutex/lock_event])
[0x000001fe50936640] Heap_lock - owner thread: 0x000001fe5093a060

Heap address: 0x0000000081600000, size: 2026 MB, Compressed Oops mode: 32-bit

CDS archive(s) mapped at: [0x0000000000000000-0x0000000000000000-0x0000000000000000), size 0, SharedBaseAddress: 0x0000000800000000, ArchiveRelocationMode: 1.
Narrow klass base: 0x0000000000000000, Narrow klass shift: 0, Narrow klass range: 0x0

GC Precious Log:
 CardTable entry size: 512
 Card Set container configuration: InlinePtr #cards 5 size 8 Array Of Cards #cards 12 size 40 Howl #buckets 4 coarsen threshold 1843 Howl Bitmap #cards 512 size 80 coarsen threshold 460 Card regions per heap region 1 cards per card region 2048

Heap:
 garbage-first heap   total 0K, used 0K [0x0000000081600000, 0x0000000100000000)
  region size 1024K, 0 young (0K), 0 survivors (0K)

[error occurred during error reporting (printing heap information), id 0xc0000005, EXCEPTION_ACCESS_VIOLATION (0xc0000005) at pc=0x00007ff9ca1f47b9]
GC Heap History (0 events):
No events

Dll operation events (1 events):
Event: 0.011 Loaded shared library C:\Program Files\Java\jdk-20\bin\java.dll

Deoptimization events (0 events):
No events

Classes loaded (0 events):
No events

Classes unloaded (0 events):
No events

Classes redefined (0 events):
No events

Internal exceptions (0 events):
No events

VM Operations (0 events):
No events

Events (0 events):
No events


Dynamic libraries:
0x00007ff6811a0000 - 0x00007ff6811b0000 	C:\Program Files\Java\jdk-20\bin\java.exe
0x00007ffa06770000 - 0x00007ffa06968000 	C:\Windows\SYSTEM32\ntdll.dll
0x00007ffa06430000 - 0x00007ffa064ed000 	C:\Windows\System32\KERNEL32.DLL
0x00007ffa04260000 - 0x00007ffa04556000 	C:\Windows\System32\KERNELBASE.dll
0x00007ffa04000000 - 0x00007ffa04100000 	C:\Windows\System32\ucrtbase.dll
0x00007ff9f2cf0000 - 0x00007ff9f2d0b000 	C:\Program Files\Java\jdk-20\bin\VCRUNTIME140.dll
0x00007ff9fe5a0000 - 0x00007ff9fe5b9000 	C:\Program Files\Java\jdk-20\bin\jli.dll
0x00007ffa05b90000 - 0x00007ffa05c40000 	C:\Windows\System32\ADVAPI32.dll
0x00007ffa04a10000 - 0x00007ffa04aae000 	C:\Windows\System32\msvcrt.dll
0x00007ffa04ac0000 - 0x00007ffa04b60000 	C:\Windows\System32\sechost.dll
0x00007ffa05f40000 - 0x00007ffa06063000 	C:\Windows\System32\RPCRT4.dll
0x00007ffa04100000 - 0x00007ffa04127000 	C:\Windows\System32\bcrypt.dll
0x00007ffa05da0000 - 0x00007ffa05f3f000 	C:\Windows\System32\USER32.dll
0x00007ffa041c0000 - 0x00007ffa041e2000 	C:\Windows\System32\win32u.dll
0x00007ffa04ca0000 - 0x00007ffa04ccb000 	C:\Windows\System32\GDI32.dll
0x00007ffa03e30000 - 0x00007ffa03f47000 	C:\Windows\System32\gdi32full.dll
0x00007ff9f9330000 - 0x00007ff9f95ca000 	C:\Windows\WinSxS\amd64_microsoft.windows.common-controls_6595b64144ccf1df_6.0.19041.4355_none_60b8b9eb71f62e16\COMCTL32.dll
0x00007ffa04560000 - 0x00007ffa045fd000 	C:\Windows\System32\msvcp_win.dll
0x00007ff9faaf0000 - 0x00007ff9faafa000 	C:\Windows\SYSTEM32\VERSION.dll
0x00007ffa049e0000 - 0x00007ffa04a0f000 	C:\Windows\System32\IMM32.DLL
0x00007ff9ffd90000 - 0x00007ff9ffd9c000 	C:\Program Files\Java\jdk-20\bin\vcruntime140_1.dll
0x00007ff9e92b0000 - 0x00007ff9e933e000 	C:\Program Files\Java\jdk-20\bin\msvcp140.dll
0x00007ff9c9ae0000 - 0x00007ff9ca778000 	C:\Program Files\Java\jdk-20\bin\server\jvm.dll
0x00007ff9f04c0000 - 0x00007ff9f04e7000 	C:\Windows\SYSTEM32\WINMM.dll
0x00007ff9ff030000 - 0x00007ff9ff039000 	C:\Windows\SYSTEM32\WSOCK32.dll
0x00007ffa05c40000 - 0x00007ffa05cab000 	C:\Windows\System32\WS2_32.dll
0x00007ffa01bd0000 - 0x00007ffa01be2000 	C:\Windows\SYSTEM32\kernel.appcore.dll
0x00007ff9fdfc0000 - 0x00007ff9fdfca000 	C:\Program Files\Java\jdk-20\bin\jimage.dll
0x00007ff9fd390000 - 0x00007ff9fd574000 	C:\Windows\SYSTEM32\DBGHELP.DLL
0x00007ff9fcf30000 - 0x00007ff9fcf64000 	C:\Windows\SYSTEM32\dbgcore.DLL
0x00007ffa04130000 - 0x00007ffa041b2000 	C:\Windows\System32\bcryptPrimitives.dll
0x00007ff9f2cc0000 - 0x00007ff9f2ce6000 	C:\Program Files\Java\jdk-20\bin\java.dll

dbghelp: loaded successfully - version: 4.0.5 - missing functions: none
symbol engine: initialized successfully - sym options: 0x614 - pdb path: .;C:\Program Files\Java\jdk-20\bin;C:\Windows\SYSTEM32;C:\Windows\WinSxS\amd64_microsoft.windows.common-controls_6595b64144ccf1df_6.0.19041.4355_none_60b8b9eb71f62e16;C:\Program Files\Java\jdk-20\bin\server

VM Arguments:
jvm_args: -XX:TieredStopAtLevel=1 
java_command: com.example.todo_list.TodoListApplication
java_class_path (initial): G:\fawry internship\Tasks\spring TODO task\todo-list\target\classes;C:\Users\Ahmed\.m2\repository\ch\qos\logback\logback-classic\1.4.14\logback-classic-1.4.14.jar;C:\Users\Ahmed\.m2\repository\ch\qos\logback\logback-core\1.4.14\logback-core-1.4.14.jar;C:\Users\Ahmed\.m2\repository\org\apache\logging\log4j\log4j-to-slf4j\2.21.1\log4j-to-slf4j-2.21.1.jar;C:\Users\Ahmed\.m2\repository\org\apache\logging\log4j\log4j-api\2.21.1\log4j-api-2.21.1.jar;C:\Users\Ahmed\.m2\repository\org\slf4j\jul-to-slf4j\2.0.13\jul-to-slf4j-2.0.13.jar;C:\Users\Ahmed\.m2\repository\jakarta\annotation\jakarta.annotation-api\2.1.1\jakarta.annotation-api-2.1.1.jar;C:\Users\Ahmed\.m2\repository\org\yaml\snakeyaml\2.2\snakeyaml-2.2.jar;C:\Users\Ahmed\.m2\repository\com\fasterxml\jackson\core\jackson-databind\2.15.4\jackson-databind-2.15.4.jar;C:\Users\Ahmed\.m2\repository\com\fasterxml\jackson\core\jackson-annotations\2.15.4\jackson-annotations-2.15.4.jar;C:\Users\Ahmed\.m2\repository\com\fasterxml\jackson\core\jackson-core\2.15.4\jackson-core-2.15.4.jar;C:\Users\Ahmed\.m2\repository\com\fasterxml\jackson\datatype\jackson-datatype-jdk8\2.15.4\jackson-datatype-jdk8-2.15.4.jar;C:\Users\Ahmed\.m2\repository\com\fasterxml\jackson\datatype\jackson-datatype-jsr310\2.15.4\jackson-datatype-jsr310-2.15.4.jar;C:\Users\Ahmed\.m2\repository\com\fasterxml\jackson\module\jackson-module-parameter-names\2.15.4\jackson-module-parameter-names-2.15.4.jar;C:\Users\Ahmed\.m2\repository\org\apache\tomcat\embed\tomcat-embed-core\10.1.25\tomcat-embed-core-10.1.25.jar;C:\Users\Ahmed\.m2\repository\org\apache\tomcat\embed\tomcat-embed-el\10.1.25\tomcat-embed-el-10.1.25.jar;C:\Users\Ahmed\.m2\repository\org\apache\tomcat\embed\tomcat-embed-websocket\10.1.25\tomcat-embed-websocket-10.1.25.jar;C:\Users\Ahmed\.m2\repository\org\springframework\spring-web\6.1.10\spring-web-6.1.10.jar;C:\Users\Ahmed\.m2\repository\org\springframework\spring-beans\6.1.10\spring-beans-6.1.10.jar;C:\Users\Ahmed\.m2\repository\io\micrometer\micrometer-observation\1.12.7\micrometer-observation-1.12.7.jar;C:\Users\Ahmed\.m2\repository\io\micrometer\micrometer-commons\1.12.7\micrometer-commons-1.12.7.jar;C:\Users\Ahmed\.m2\repository\org\springframework\spring-webmvc\6.1.10\spring-webmvc-6.1.10.jar;C:\Users\Ahmed\.m2\repository\org\springframework\spring-aop\6.1.10\spring-aop-6.1.10.jar;C:\Users\Ahmed\.m2\repository\org\springframework\spring-context\6.1.10\spring-context-6.1.10.jar;C:\Users\Ahmed\.m2\repository\org\springframework\spring-expression\6.1.10\spring-expression-6.1.10.jar;C:\Users\Ahmed\.m2\repository\org\springframework\boot\spring-boot-devtools\3.2.7\spring-boot-devtools-3.2.7.jar;C:\Users\Ahmed\.m2\repository\org\springframework\boot\spring-boot\3.2.7\spring-boot-3.2.7.jar;C:\Users\Ahmed\.m2\repository\org\springframework\boot\spring-boot-autoconfigure\3.2.7\spring-boot-autoconfigure-3.2.7.jar;C:\Users\Ahmed\.m2\repository\org\slf4j\slf4j-api\2.0.13\slf4j-api-2.0.13.jar;C:\Users\Ahmed\.m2\repository\jakarta\xml\bind\jakarta.xml.bind-api\4.0.2\jakarta.xml.bind-api-4.0.2.jar;C:\Users\Ahmed\.m2\repository\jakarta\activation\jakarta.activation-api\2.1.3\jakarta.activation-api-2.1.3.jar;C:\Users\Ahmed\.m2\repository\net\bytebuddy\byte-buddy\1.14.17\byte-buddy-1.14.17.jar;C:\Users\Ahmed\.m2\repository\org\springframework\spring-core\6.1.10\spring-core-6.1.10.jar;C:\Users\Ahmed\.m2\repository\org\springframework\spring-jcl\6.1.10\spring-jcl-6.1.10.jar;C:\Users\Ahmed\.m2\repository\org\aspectj\aspectjweaver\1.9.22\aspectjweaver-1.9.22.jar;C:\Users\Ahmed\.m2\repository\com\zaxxer\HikariCP\5.0.1\HikariCP-5.0.1.jar;C:\Users\Ahmed\.m2\repository\org\springframework\spring-jdbc\6.1.10\spring-jdbc-6.1.10.jar;C:\Users\Ahmed\.m2\repository\org\hibernate\orm\hibernate-core\6.4.9.Final\hibernate-core-6.4.9.Final.jar;C:\Users\Ahmed\.m2\repository\jakarta\persistence\jakarta.persistence-api\3.1.0\jakarta.persistence-api-3.1.0.jar;C:\Users\Ahmed\.m2\repository\jakarta\transaction\jakarta.transaction-api\2.0.1\jakarta.transaction-api-2.0.1.jar;C:\Users\Ahmed\.m2\repository\org\jboss\logging\jboss-logging\3.5.3.Final\jboss-logging-3.5.3.Final.jar;C:\Users\Ahmed\.m2\repository\org\hibernate\common\hibernate-commons-annotations\6.0.6.Final\hibernate-commons-annotations-6.0.6.Final.jar;C:\Users\Ahmed\.m2\repository\io\smallrye\jandex\3.1.2\jandex-3.1.2.jar;C:\Users\Ahmed\.m2\repository\com\fasterxml\classmate\1.6.0\classmate-1.6.0.jar;C:\Users\Ahmed\.m2\repository\org\glassfish\jaxb\jaxb-runtime\4.0.5\jaxb-runtime-4.0.5.jar;C:\Users\Ahmed\.m2\repository\org\glassfish\jaxb\jaxb-core\4.0.5\jaxb-core-4.0.5.jar;C:\Users\Ahmed\.m2\repository\org\eclipse\angus\angus-activation\2.0.2\angus-activation-2.0.2.jar;C:\Users\Ahmed\.m2\repository\org\glassfish\jaxb\txw2\4.0.5\txw2-4.0.5.jar;C:\Users\Ahmed\.m2\repository\com\sun\istack\istack-commons-runtime\4.1.2\istack-commons-runtime-4.1.2.jar;C:\Users\Ahmed\.m2\repository\jakarta\inject\jakarta.inject-api\2.0.1\jakarta.inject-api-2.0.1.jar;C:\Users\Ahmed\.m2\repository\org\antlr\antlr4-runtime\4.13.0\antlr4-runtime-4.13.0.jar;C:\Users\Ahmed\.m2\repository\org\springframework\data\spring-data-jpa\3.2.7\spring-data-jpa-3.2.7.jar;C:\Users\Ahmed\.m2\repository\org\springframework\data\spring-data-commons\3.2.7\spring-data-commons-3.2.7.jar;C:\Users\Ahmed\.m2\repository\org\springframework\spring-orm\6.1.10\spring-orm-6.1.10.jar;C:\Users\Ahmed\.m2\repository\org\springframework\spring-tx\6.1.10\spring-tx-6.1.10.jar;C:\Users\Ahmed\.m2\repository\org\springframework\spring-aspects\6.1.10\spring-aspects-6.1.10.jar;C:\Users\Ahmed\.m2\repository\com\mysql\mysql-connector-j\8.3.0\mysql-connector-j-8.3.0.jar
Launcher Type: SUN_STANDARD

[Global flags]
     intx CICompilerCount                          = 3                                         {product} {ergonomic}
     uint ConcGCThreads                            = 1                                         {product} {ergonomic}
     uint G1ConcRefinementThreads                  = 4                                         {product} {ergonomic}
   size_t G1HeapRegionSize                         = 1048576                                   {product} {ergonomic}
    uintx GCDrainStackTargetSize                   = 64                                        {product} {ergonomic}
   size_t InitialHeapSize                          = 134217728                                 {product} {ergonomic}
   size_t MarkStackSize                            = 4194304                                   {product} {ergonomic}
   size_t MaxHeapSize                              = 2124414976                                {product} {ergonomic}
   size_t MinHeapDeltaBytes                        = 1048576                                   {product} {ergonomic}
   size_t MinHeapSize                              = 8388608                                   {product} {ergonomic}
    uintx NonProfiledCodeHeapSize                  = 0                                      {pd product} {ergonomic}
     bool ProfileInterpreter                       = false                                  {pd product} {command line}
    uintx ProfiledCodeHeapSize                     = 0                                      {pd product} {ergonomic}
   size_t SoftMaxHeapSize                          = 2124414976                             {manageable} {ergonomic}
     intx TieredStopAtLevel                        = 1                                         {product} {command line}
     bool UseCompressedClassPointers               = true                           {product lp64_product} {ergonomic}
     bool UseCompressedOops                        = true                           {product lp64_product} {ergonomic}
     bool UseG1GC                                  = true                                      {product} {ergonomic}
     bool UseLargePagesIndividualAllocation        = false                                  {pd product} {ergonomic}

Logging:
Log output configuration:
 #0: stdout all=warning uptime,level,tags foldmultilines=false
 #1: stderr all=off uptime,level,tags foldmultilines=false

Environment Variables:
JAVA_HOME=C:\Program Files\Java\jdk-20
PATH=C:\Program Files\Microsoft\jdk-17.0.9.8-hotspot\bin;C:\Program Files\Common Files\Oracle\Java\javapath;C:\Windows\system32;C:\Windows;C:\Windows\System32\Wbem;C:\Windows\System32\WindowsPowerShell\v1.0\;C:\Windows\System32\OpenSSH\;C:\Program Files\Java\jdk-20\bin;C:\Program Files\nodejs\;C:\ProgramData\chocolatey\bin;C:\Program Files\Git\cmd;C:\Program Files\dotnet\;C:\Program Files (x86)\Microsoft SQL Server\160\Tools\Binn\;C:\Program Files\Microsoft SQL Server\160\Tools\Binn\;C:\Program Files\Microsoft SQL Server\Client SDK\ODBC\170\Tools\Binn\;C:\Program Files\Microsoft SQL Server\160\DTS\Binn\;C:\Program Files (x86)\Microsoft SQL Server\160\DTS\Binn\;C:\Program Files\Microsoft SQL Server\150\Tools\Binn\;C:\Program Files\MySQL\MySQL Shell 8.0\bin\;C:\Users\Ahmed\AppData\Local\Microsoft\WindowsApps;C:\Program Files\JetBrains\IntelliJ IDEA Community Edition 2023.3.3\bin;;C:\Users\Ahmed\AppData\Roaming\npm;C:\Users\Ahmed\AppData\Local\Programs\Microsoft VS Code\bin;C:\Users\Ahmed\.dotnet\tools
USERNAME=Ahmed
OS=Windows_NT
PROCESSOR_IDENTIFIER=Intel64 Family 6 Model 61 Stepping 4, GenuineIntel
TMP=C:\Users\Ahmed\AppData\Local\Temp
TEMP=C:\Users\Ahmed\AppData\Local\Temp




---------------  S Y S T E M  ---------------

OS:
 Windows 10 , 64 bit Build 19041 (10.0.19041.3636)
OS uptime: 22 days 5:29 hours

CPU: total 4 (initial active 4) (2 cores per cpu, 2 threads per core) family 6 model 61 stepping 4 microcode 0x2f, cx8, cmov, fxsr, ht, mmx, 3dnowpref, sse, sse2, sse3, ssse3, sse4.1, sse4.2, popcnt, lzcnt, tsc, tscinvbit, avx, avx2, aes, erms, clmul, bmi1, bmi2, adx, fma, vzeroupper, clflush, rdtscp, f16c

Memory: 4k page, system-wide physical 8101M (1320M free)
TotalPageFile size 32677M (AvailPageFile size 98M)
current process WorkingSet (physical memory assigned to process): 10M, peak: 10M
current process commit charge ("private bytes"): 47M, peak: 175M

vm_info: Java HotSpot(TM) 64-Bit Server VM (20.0.2+9-78) for windows-amd64 JRE (20.0.2+9-78), built on 2023-06-14T10:08:48Z by "mach5one" with MS VC++ 17.1 (VS2022)

END.
